Added Component: Designator=B1(PCBComponent_1)
Added Component: Designator=J1(2.54MM_5PÝN_HEADER)
Added Component: Designator=J2(KLEMENS_5MM)
Added Component: Designator=J3(2.54MM_HEADER)
Added Component: Designator=J4(2.54MM_HEADER)
Added Component: Designator=J5(2.54mm 6 pin)
Added Component: Designator=J6(2.54MM_HEADER)
Added Component: Designator=J7(XH 2.54MM 3 PÝN)
Added Component: Designator=J8(XH 2.54MM 3 PÝN)
Added Component: Designator=J9(XH 2.54MM 3 PÝN)
Added Component: Designator=J10(XH 2.54MM 3 PÝN)
Added Component: Designator=J11(2.54MM_5PÝN_HEADER)
Added Component: Designator=J12(XH 2.54MM 3 PÝN)
Added Component: Designator=J13(XH 2.54MM 3 PÝN)
Added Component: Designator=J14(XH 2.54MM 3 PÝN)
Added Component: Designator=J15(XH 2.54MM 3 PÝN)
Added Component: Designator=J16(XH 2.54MM 3 PÝN)
Added Component: Designator=J17(XH 2.54MM 3 PÝN)
Added Component: Designator=J18(2.54MM_5PÝN_HEADER)
Added Component: Designator=J19(KLEMENS_5MM)
Added Component: Designator=J20(KLEMENS_5MM)
Added Component: Designator=J21(2.54mm 6 pin)
Added Component: Designator=J22(2.54mm 4 pin)
Added Component: Designator=J23(2.54mm 4 pin)
Added Component: Designator=U3(TANTAL_1206)
Added Component: Designator=U4(TANTAL_7343)
Added Component: Designator=U5(TANTAL_7343)
Added Component: Designator=U6(TANTAL_1206)
Added Component: Designator=U7(MPL3115A2)
Added Component: Designator=U8(SHT15_V2)
Added Pin To Net: NetName=+3.3V Pin=J1-2
Added Pin To Net: NetName=+3.3V Pin=J5-1
Added Pin To Net: NetName=+3.3V Pin=J20-1
Added Pin To Net: NetName=+3.3V Pin=U5-1
Added Pin To Net: NetName=+3.3V Pin=U7-1
Added Pin To Net: NetName=+3.3V Pin=U7-4
Added Pin To Net: NetName=+3.3V Pin=U8-4
Added Net: Name=+3.3V
Added Pin To Net: NetName=+5V Pin=J1-1
Added Pin To Net: NetName=+5V Pin=J3-1
Added Pin To Net: NetName=+5V Pin=J4-1
Added Pin To Net: NetName=+5V Pin=J6-1
Added Pin To Net: NetName=+5V Pin=J7-2
Added Pin To Net: NetName=+5V Pin=J8-2
Added Pin To Net: NetName=+5V Pin=J9-2
Added Pin To Net: NetName=+5V Pin=J10-2
Added Pin To Net: NetName=+5V Pin=J11-1
Added Pin To Net: NetName=+5V Pin=J12-2
Added Pin To Net: NetName=+5V Pin=J13-2
Added Pin To Net: NetName=+5V Pin=J14-2
Added Pin To Net: NetName=+5V Pin=J15-2
Added Pin To Net: NetName=+5V Pin=J16-2
Added Pin To Net: NetName=+5V Pin=J17-2
Added Pin To Net: NetName=+5V Pin=J18-1
Added Pin To Net: NetName=+5V Pin=J19-1
Added Pin To Net: NetName=+5V Pin=J21-1
Added Pin To Net: NetName=+5V Pin=J22-1
Added Pin To Net: NetName=+5V Pin=J23-1
Added Pin To Net: NetName=+5V Pin=U4-1
Added Pin To Net: NetName=+5V Pin=U6-1
Added Net: Name=+5V
Added Pin To Net: NetName=+12V Pin=J2-1
Added Pin To Net: NetName=+12V Pin=U3-1
Added Net: Name=+12V
Added Pin To Net: NetName=ADC0 Pin=J18-4
Added Net: Name=ADC0
Added Pin To Net: NetName=ADC1 Pin=J18-3
Added Net: Name=ADC1
Added Pin To Net: NetName=CS-SS Pin=J5-3
Added Net: Name=CS-SS
Added Pin To Net: NetName=DIGITAL Pin=J18-2
Added Net: Name=DIGITAL
Added Pin To Net: NetName=GND Pin=B1-1
Added Pin To Net: NetName=GND Pin=B1-2
Added Pin To Net: NetName=GND Pin=J1-5
Added Pin To Net: NetName=GND Pin=J2-2
Added Pin To Net: NetName=GND Pin=J3-4
Added Pin To Net: NetName=GND Pin=J4-2
Added Pin To Net: NetName=GND Pin=J5-2
Added Pin To Net: NetName=GND Pin=J6-2
Added Pin To Net: NetName=GND Pin=J7-3
Added Pin To Net: NetName=GND Pin=J8-3
Added Pin To Net: NetName=GND Pin=J9-3
Added Pin To Net: NetName=GND Pin=J10-3
Added Pin To Net: NetName=GND Pin=J11-2
Added Pin To Net: NetName=GND Pin=J12-3
Added Pin To Net: NetName=GND Pin=J13-3
Added Pin To Net: NetName=GND Pin=J14-3
Added Pin To Net: NetName=GND Pin=J15-3
Added Pin To Net: NetName=GND Pin=J16-3
Added Pin To Net: NetName=GND Pin=J17-3
Added Pin To Net: NetName=GND Pin=J18-5
Added Pin To Net: NetName=GND Pin=J19-2
Added Pin To Net: NetName=GND Pin=J20-2
Added Pin To Net: NetName=GND Pin=J21-6
Added Pin To Net: NetName=GND Pin=J22-4
Added Pin To Net: NetName=GND Pin=J23-4
Added Pin To Net: NetName=GND Pin=U3-2
Added Pin To Net: NetName=GND Pin=U4-2
Added Pin To Net: NetName=GND Pin=U5-2
Added Pin To Net: NetName=GND Pin=U6-2
Added Pin To Net: NetName=GND Pin=U7-3
Added Pin To Net: NetName=GND Pin=U8-1
Added Net: Name=GND
Added Pin To Net: NetName=NetC9_2 Pin=U7-2
Added Net: Name=NetC9_2
Added Pin To Net: NetName=NetR1_1 Pin=U7-8
Added Net: Name=NetR1_1
Added Pin To Net: NetName=NetR2_1 Pin=U7-7
Added Net: Name=NetR2_1
Added Net: Name=NetR5_2
Added Net: Name=NetR6_2
Added Net: Name=NetR7_2
Added Pin To Net: NetName=PWM_1 Pin=J7-1
Added Net: Name=PWM_1
Added Pin To Net: NetName=PWM_2 Pin=J8-1
Added Net: Name=PWM_2
Added Pin To Net: NetName=PWM_3 Pin=J10-1
Added Net: Name=PWM_3
Added Pin To Net: NetName=PWM_4 Pin=J9-1
Added Net: Name=PWM_4
Added Pin To Net: NetName=PWM_5 Pin=J13-1
Added Net: Name=PWM_5
Added Pin To Net: NetName=PWM_6 Pin=J12-1
Added Net: Name=PWM_6
Added Pin To Net: NetName=PWM_7 Pin=J17-1
Added Net: Name=PWM_7
Added Pin To Net: NetName=PWM_8 Pin=J16-1
Added Net: Name=PWM_8
Added Pin To Net: NetName=RASPÝ_RX Pin=J4-4
Added Net: Name=RASPÝ_RX
Added Pin To Net: NetName=RASPÝ_TX Pin=J4-3
Added Net: Name=RASPÝ_TX
Added Pin To Net: NetName=RESET Pin=J21-5
Added Net: Name=RESET
Added Pin To Net: NetName=RS_PWM Pin=J11-5
Added Net: Name=RS_PWM
Added Pin To Net: NetName=RS_RX Pin=J11-4
Added Net: Name=RS_RX
Added Pin To Net: NetName=RS_TX Pin=J11-3
Added Net: Name=RS_TX
Added Net: Name=RXD
Added Pin To Net: NetName=RX Pin=J6-3
Added Net: Name=RX
Added Pin To Net: NetName=SCK Pin=J5-4
Added Pin To Net: NetName=SCK Pin=J21-2
Added Net: Name=SCK
Added Pin To Net: NetName=SCL Pin=J3-2
Added Net: Name=SCL
Added Pin To Net: NetName=SDA Pin=J3-3
Added Net: Name=SDA
Added Pin To Net: NetName=SDI Pin=J5-5
Added Pin To Net: NetName=SDI Pin=J21-3
Added Net: Name=SDI
Added Pin To Net: NetName=SDO Pin=J5-6
Added Pin To Net: NetName=SDO Pin=J21-4
Added Net: Name=SDO
Added Pin To Net: NetName=SHT15_DATA Pin=U8-2
Added Net: Name=SHT15_DATA
Added Pin To Net: NetName=SHT15_SCK Pin=U8-3
Added Net: Name=SHT15_SCK
Added Pin To Net: NetName=SÝNYAL_1 Pin=J22-2
Added Net: Name=SÝNYAL_1
Added Pin To Net: NetName=SÝNYAL_2 Pin=J22-3
Added Net: Name=SÝNYAL_2
Added Pin To Net: NetName=SÝNYAL_3 Pin=J23-2
Added Net: Name=SÝNYAL_3
Added Pin To Net: NetName=SÝNYAL_4 Pin=J23-3
Added Net: Name=SÝNYAL_4
Added Pin To Net: NetName=TTL_RX Pin=J1-3
Added Net: Name=TTL_RX
Added Pin To Net: NetName=TTL_TX Pin=J1-4
Added Net: Name=TTL_TX
Added Net: Name=TXD
Added Pin To Net: NetName=TX Pin=J6-4
Added Net: Name=TX
Added Net: Name=XTAL1
Added Net: Name=XTAL2
Added Pin To Net: NetName=Y_MOTOR PWM_1 Pin=J15-1
Added Net: Name=Y_MOTOR PWM_1
Added Pin To Net: NetName=Y_MOTOR PWM_2 Pin=J14-1
Added Net: Name=Y_MOTOR PWM_2
Added Class: Name=AKK_V3
